<?xml version="1.0" encoding="UTF-8"?>
<!-- Generated by org.testng.reporters.JUnitXMLReporter -->
<testsuite hostname="DESKTOP-JCJ8HOK" ignored="2" name="Create New Booking Test" tests="7" failures="0" timestamp="22 Nov 2022 01:10:02 GMT" time="0.208" errors="0">
  <testcase name="searchHotel" time="0.058" classname="testcases.Bookings"/>
  <testcase name="guestInfo" time="0.008" classname="testcases.Bookings"/>
  <testcase name="typeOfRoom" time="0.008" classname="testcases.Bookings"/>
  <testcase name="applyDiscount" time="0.005" classname="testcases.PaymentManager"/>
  <testcase name="makePayment" time="0.009" classname="testcases.PaymentManager"/>
  <testcase name="checkEmailVerification" time="0.003" classname="testcases.CustomerCommunition"/>
  <testcase name="checkMobileVerification" time="0.005" classname="testcases.CustomerCommunition"/>
  <testcase name="loadBooking" time="0.0" classname="testcases.Bookings">
    <ignored/>
  </testcase> <!-- loadBooking -->
  <testcase name="cancelBooking" time="0.0" classname="testcases.Bookings">
    <ignored/>
  </testcase> <!-- cancelBooking -->
</testsuite> <!-- Create New Booking Test -->
