<?xml version="1.0" encoding="UTF-8"?>
<!-- Generated by org.testng.reporters.JUnitXMLReporter -->
<testsuite hostname="DESKTOP-JCJ8HOK" ignored="2" name="Modify Existing Booking Test" tests="7" failures="0" timestamp="22 Nov 2022 01:10:02 GMT" time="0.164" errors="0">
  <testcase name="loadBooking" time="0.002" classname="testcases.Bookings"/>
  <testcase name="guestInfo" time="0.004" classname="testcases.Bookings"/>
  <testcase name="typeOfRoom" time="0.035" classname="testcases.Bookings"/>
  <testcase name="applyDiscount" time="0.01" classname="testcases.PaymentManager"/>
  <testcase name="makePayment" time="0.006" classname="testcases.PaymentManager"/>
  <testcase name="checkEmailVerification" time="0.002" classname="testcases.CustomerCommunition"/>
  <testcase name="checkMobileVerification" time="0.007" classname="testcases.CustomerCommunition"/>
  <testcase name="searchHotel" time="0.0" classname="testcases.Bookings">
    <ignored/>
  </testcase> <!-- searchHotel -->
  <testcase name="cancelBooking" time="0.0" classname="testcases.Bookings">
    <ignored/>
  </testcase> <!-- cancelBooking -->
</testsuite> <!-- Modify Existing Booking Test -->
