<?xml version="1.0" encoding="UTF-8"?>
<!-- Generated by org.testng.reporters.JUnitXMLReporter -->
<testsuite hostname="DESKTOP-JCJ8HOK" ignored="2" name="Test" tests="7" failures="0" timestamp="22 Nov 2022 01:06:46 GMT" time="0.223" errors="0">
  <testcase name="searchHotel" time="0.044" classname="testcases.Bookings"/>
  <testcase name="guestInfo" time="0.003" classname="testcases.Bookings"/>
  <testcase name="typeOfRoom" time="0.003" classname="testcases.Bookings"/>
  <testcase name="applyDiscount" time="0.021" classname="testcases.PaymentManager"/>
  <testcase name="makePayment" time="0.003" classname="testcases.PaymentManager"/>
  <testcase name="checkEmailVerification" time="0.004" classname="testcases.CustomerCommunition"/>
  <testcase name="checkMobileVerification" time="0.002" classname="testcases.CustomerCommunition"/>
  <testcase name="loadBooking" time="0.0" classname="testcases.Bookings">
    <ignored/>
  </testcase> <!-- loadBooking -->
  <testcase name="cancelBooking" time="0.0" classname="testcases.Bookings">
    <ignored/>
  </testcase> <!-- cancelBooking -->
</testsuite> <!-- Test -->
