<?xml version="1.0" encoding="UTF-8"?>
<testng-results skipped="0" failed="0" ignored="1" total="3" passed="2">
  <reporter-output>
  </reporter-output>
  <suite name="Default suite" duration-ms="160" started-at="2022-11-12T01:20:09Z" finished-at="2022-11-12T01:20:09Z">
    <groups>
    </groups>
    <test name="Default test" duration-ms="160" started-at="2022-11-12T01:20:09Z" finished-at="2022-11-12T01:20:09Z">
      <class name="testng.TNG_001">
        <test-method status="PASS" signature="beforeSuite()[pri:0, instance:testng.TNG_001@7e0b0338]" name="beforeSuite" is-config="true" duration-ms="26" started-at="2022-11-12T01:20:09Z" finished-at="2022-11-12T01:20:09Z">
          <reporter-output>
          </reporter-output>
        </test-method> <!-- beforeSuite -->
        <test-method status="PASS" signature="beforeTest()[pri:0, instance:testng.TNG_001@7e0b0338]" name="beforeTest" is-config="true" duration-ms="2" started-at="2022-11-12T01:20:09Z" finished-at="2022-11-12T01:20:09Z">
          <reporter-output>
          </reporter-output>
        </test-method> <!-- beforeTest -->
        <test-method status="PASS" signature="beforeClass()[pri:0, instance:testng.TNG_001@7e0b0338]" name="beforeClass" is-config="true" duration-ms="26" started-at="2022-11-12T01:20:09Z" finished-at="2022-11-12T01:20:09Z">
          <reporter-output>
          </reporter-output>
        </test-method> <!-- beforeClass -->
        <test-method status="PASS" signature="beforeMethod()[pri:0, instance:testng.TNG_001@7e0b0338]" name="beforeMethod" is-config="true" duration-ms="1" started-at="2022-11-12T01:20:09Z" finished-at="2022-11-12T01:20:09Z">
          <reporter-output>
          </reporter-output>
        </test-method> <!-- beforeMethod -->
        <test-method status="PASS" signature="f()[pri:1, instance:testng.TNG_001@7e0b0338]" name="f" duration-ms="11" started-at="2022-11-12T01:20:09Z" finished-at="2022-11-12T01:20:09Z">
          <reporter-output>
          </reporter-output>
        </test-method> <!-- f -->
        <test-method status="PASS" signature="afterMethod()[pri:0, instance:testng.TNG_001@7e0b0338]" name="afterMethod" is-config="true" duration-ms="1" started-at="2022-11-12T01:20:09Z" finished-at="2022-11-12T01:20:09Z">
          <reporter-output>
          </reporter-output>
        </test-method> <!-- afterMethod -->
        <test-method status="PASS" signature="z()[pri:3, instance:testng.TNG_001@7e0b0338]" name="z" duration-ms="3" started-at="2022-11-12T01:20:09Z" finished-at="2022-11-12T01:20:09Z">
          <reporter-output>
          </reporter-output>
        </test-method> <!-- z -->
        <test-method status="PASS" signature="beforeMethod()[pri:0, instance:testng.TNG_001@7e0b0338]" name="beforeMethod" is-config="true" duration-ms="0" started-at="2022-11-12T01:20:09Z" finished-at="2022-11-12T01:20:09Z">
          <reporter-output>
          </reporter-output>
        </test-method> <!-- beforeMethod -->
        <test-method status="PASS" signature="afterMethod()[pri:0, instance:testng.TNG_001@7e0b0338]" name="afterMethod" is-config="true" duration-ms="1" started-at="2022-11-12T01:20:09Z" finished-at="2022-11-12T01:20:09Z">
          <reporter-output>
          </reporter-output>
        </test-method> <!-- afterMethod -->
        <test-method status="PASS" signature="afterClass()[pri:0, instance:testng.TNG_001@7e0b0338]" name="afterClass" is-config="true" duration-ms="1" started-at="2022-11-12T01:20:09Z" finished-at="2022-11-12T01:20:09Z">
          <reporter-output>
          </reporter-output>
        </test-method> <!-- afterClass -->
        <test-method status="PASS" signature="afterTest()[pri:0, instance:testng.TNG_001@7e0b0338]" name="afterTest" is-config="true" duration-ms="0" started-at="2022-11-12T01:20:09Z" finished-at="2022-11-12T01:20:09Z">
          <reporter-output>
          </reporter-output>
        </test-method> <!-- afterTest -->
        <test-method status="PASS" signature="afterSuite()[pri:0, instance:testng.TNG_001@7e0b0338]" name="afterSuite" is-config="true" duration-ms="1" started-at="2022-11-12T01:20:09Z" finished-at="2022-11-12T01:20:09Z">
          <reporter-output>
          </reporter-output>
        </test-method> <!-- afterSuite -->
      </class> <!-- testng.TNG_001 -->
    </test> <!-- Default test -->
  </suite> <!-- Default suite -->
</testng-results>
