<?xml version="1.0" encoding="UTF-8"?>
<!-- Generated by org.testng.reporters.JUnitXMLReporter -->
<testsuite hostname="DESKTOP-JCJ8HOK" ignored="1" name="Default test" tests="2" failures="0" timestamp="12 Nov 2022 01:20:09 GMT" time="0.16" errors="0">
  <testcase name="f" time="0.011" classname="testng.TNG_001"/>
  <testcase name="z" time="0.003" classname="testng.TNG_001"/>
  <testcase name="a" time="0.0" classname="testng.TNG_001">
    <ignored/>
  </testcase> <!-- a -->
</testsuite> <!-- Default test -->
