<?xml version="1.0" encoding="UTF-8"?>
<!-- Generated by org.testng.reporters.JUnitXMLReporter -->
<testsuite hostname="DESKTOP-JCJ8HOK" ignored="0" name="Test" tests="4" failures="0" timestamp="21 Dec 2022 01:33:43 GMT" time="48.825" errors="0">
  <testcase name="test1" time="42.628" classname="grid.GridDemo"/>
  <testcase name="test2" time="46.281" classname="grid.GridDemo"/>
  <testcase name="test3" time="48.366" classname="grid.GridDemo"/>
  <testcase name="test4" time="48.765" classname="grid.GridDemo"/>
</testsuite> <!-- Test -->
