<?xml version="1.0" encoding="UTF-8"?>
<!-- Generated by org.testng.reporters.JUnitXMLReporter -->
<testsuite hostname="DESKTOP-JCJ8HOK" ignored="0" name="Test" tests="7" failures="0" timestamp="16 Nov 2022 01:18:47 GMT" time="0.18" errors="0">
  <testcase name="test6" time="0.037" classname="testng.TestsParallel"/>
  <testcase name="test2" time="0.039" classname="testng.TestsParallel"/>
  <testcase name="test5" time="0.04" classname="testng.TestsParallel"/>
  <testcase name="test4" time="0.039" classname="testng.TestsParallel"/>
  <testcase name="test7" time="0.041" classname="testng.TestsParallel"/>
  <testcase name="test1" time="0.042" classname="testng.TestsParallel"/>
  <testcase name="test3" time="0.043" classname="testng.TestsParallel"/>
</testsuite> <!-- Test -->
